********************************************************************************
DUPLICATOR-LITE PACKAGE-LOG: December 27, 2018 10:41 am
NOTICE: Do NOT post to public sites or forums 
********************************************************************************
VERSION:	1.3.0
WORDPRESS:	4.9.9
PHP INFO:	5.5.22 | SAPI: cgi-fcgi
SERVER:		Apache 
PHP TIME LIMIT: (0) no time limit imposed 
PHP MAX MEMORY: 2048M (256M default) 
MEMORY STACK: 54.75MB 

********************************************************************************
DATABASE:
********************************************************************************
BUILD MODE:   MYSQLDUMP
MYSQLTIMEOUT: 5000
MYSQLDUMP:    Is Supported 
SQL CREATED: 20181227_plusmoreusa_b1d91e9fcde4f4948076_20181227103920_database.sql 
SQL FILE SIZE: 171.61MB (179946368) 
SQL FILE TIME: 2018-12-27 10:41:09 
SQL RUNTIME: 9.62 sec. 

******************************************************************************** 
ARCHIVE (ZIP): 
******************************************************************************** 
ARCHIVE DIR:  /hermes/walnaweb10a/b1543/pow.plusmoreusaengcom/htdocs/site 
ARCHIVE FILE: 20181227_plusmoreusa_b1d91e9fcde4f4948076_20181227103920_archive.zip 
FILTERS: *OFF* 
DIRS:
	not set 
FILES:
	not set 
EXTS:  not set 
---------------------------------------- 
COMPRESSING 
SIZE:	504.55MB 
STATS:	Dirs 1,173 | Files 9,310 
SQL ADDED: 20181227_plusmoreusa_b1d91e9fcde4f4948076_20181227103920_database.sql 
ZipArchive Object
(
    [status] => 0
    [statusSys] => 0
    [numFiles] => 10483
    [filename] => /hermes/walnaweb10a/b1543/pow.plusmoreusaengcom/htdocs/site/wp-snapshots/tmp/20181227_plusmoreusa_b1d91e9fcde4f4948076_20181227103920_archive.zip
    [comment] => 
)
 
COMPRESSION RESULT: '1' 
COMPRESSED SIZE: 416.46MB 
ARCHIVE RUNTIME: 128.98 sec. 
MEMORY STACK: 59MB 
building installer 
add_extra_files1 
add_extra_files2 
add_extra_files3 
add_extra_files4 
Doing archive file check 
add_extra_files5 
add_extra_files6 
add_extra_files8 
Successfully opened zip /hermes/walnaweb10a/b1543/pow.plusmoreusaengcom/htdocs/site/wp-snapshots/tmp/20181227_plusmoreusa_b1d91e9fcde4f4948076_20181227103920_archive.zip 
Adding enhanced installer files to archive using ZipArchive 
Installer files added to archive 
Added to archive 
After ziparchive close when adding installer 

******************************************************************************** 
INTEGRITY CHECKS: 
******************************************************************************** 
SQL File: 171.61MB 
Installer File: 32.64KB 
Archive File: 417.34MB  

********************************************************************************
RECORD ID:[1]
TOTAL PROCESS RUNTIME: 147.56 sec.
PEAK PHP MEMORY USED: 61.75MB
DONE PROCESSING => 20181227_plusmoreusa December 27, 2018 10:43 am
 
